<?xml version="1.0" encoding="UTF-8"?>
<!-- Generated by org.testng.reporters.JUnitReportReporter -->
<testsuite hostname="lin76001736" failures="0" tests="2" name="loanmcapp.McLoanKycSubmit" time="134.878" errors="0" timestamp="2021-03-11T11:18:47 IST" skipped="0">
  <testcase classname="loanmcapp.McLoanKycSubmit" name="mcLogin" time="48.061"/>
  <system-out>
Logging in ***Web element = 'Next' is identified and clicked***  Clicked [[io.appium.java_client.android.AndroidDriver, Capabilities: {AUTOMATION_NAME=uiautomator2, VERSION=11.0, app=C:\Project Files\MasterFolder\Jiva_PageObjectFW\com.jiva\app\mc-app-qa-release-1.0.2.35.apk, appActivity=com.gaiaventure.mc.ui.activity.SplashActivity, appPackage=com.gaiaventure.mc, databaseEnabled=false, desired={platformName=android, AUTOMATION_NAME=uiautomator2, VERSION=11.0, app=C:\Project Files\MasterFolder\Jiva_PageObjectFW\com.jiva\app\mc-app-qa-release-1.0.2.35.apk, appActivity=com.gaiaventure.mc.ui.activity.SplashActivity, appPackage=com.gaiaventure.mc, deviceName=emulator-5556}, deviceApiLevel=28, deviceManufacturer=Google, deviceModel=AOSP on IA Emulator, deviceName=emulator-5554, deviceScreenDensity=560, deviceScreenSize=1440x3040, deviceUDID=emulator-5554, javascriptEnabled=true, locationContextEnabled=false, networkConnectionEnabled=true, pixelRatio=3.5, platform=LINUX, platformName=Android, platformVersion=9, statBarHeight=172, takesScreenshot=true, viewportRect={left=0, top=172, width=1440, height=2529}, warnings={}, webStorageEnabled=false}] -> id: com.gaiaventure.mc:id/tvNextButton] in By.id: com.gaiaventure.mc:id/tvNextButton ***Web element = 'I consent' is identified and clicked***  Clicked [[io.appium.java_client.android.AndroidDriver, Capabilities: {AUTOMATION_NAME=uiautomator2, VERSION=11.0, app=C:\Project Files\MasterFolder\Jiva_PageObjectFW\com.jiva\app\mc-app-qa-release-1.0.2.35.apk, appActivity=com.gaiaventure.mc.ui.activity.SplashActivity, appPackage=com.gaiaventure.mc, databaseEnabled=false, desired={platformName=android, AUTOMATION_NAME=uiautomator2, VERSION=11.0, app=C:\Project Files\MasterFolder\Jiva_PageObjectFW\com.jiva\app\mc-app-qa-release-1.0.2.35.apk, appActivity=com.gaiaventure.mc.ui.activity.SplashActivity, appPackage=com.gaiaventure.mc, deviceName=emulator-5556}, deviceApiLevel=28, deviceManufacturer=Google, deviceModel=AOSP on IA Emulator, deviceName=emulator-5554, deviceScreenDensity=560, deviceScreenSize=1440x3040, deviceUDID=emulator-5554, javascriptEnabled=true, locationContextEnabled=false, networkConnectionEnabled=true, pixelRatio=3.5, platform=LINUX, platformName=Android, platformVersion=9, statBarHeight=172, takesScreenshot=true, viewportRect={left=0, top=172, width=1440, height=2529}, warnings={}, webStorageEnabled=false}] -> id: com.gaiaventure.mc:id/btn_consent] in By.id: com.gaiaventure.mc:id/btn_consent ***Web element = 'By.id: com.gaiaventure.mc:id/editMobileNumber' is identified successfully*** ***Entered +628114123245 in By.id: com.gaiaventure.mc:id/editMobileNumber*** ***Web element = 'NEXT' is identified and clicked***  Clicked [[io.appium.java_client.android.AndroidDriver, Capabilities: {AUTOMATION_NAME=uiautomator2, VERSION=11.0, app=C:\Project Files\MasterFolder\Jiva_PageObjectFW\com.jiva\app\mc-app-qa-release-1.0.2.35.apk, appActivity=com.gaiaventure.mc.ui.activity.SplashActivity, appPackage=com.gaiaventure.mc, databaseEnabled=false, desired={platformName=android, AUTOMATION_NAME=uiautomator2, VERSION=11.0, app=C:\Project Files\MasterFolder\Jiva_PageObjectFW\com.jiva\app\mc-app-qa-release-1.0.2.35.apk, appActivity=com.gaiaventure.mc.ui.activity.SplashActivity, appPackage=com.gaiaventure.mc, deviceName=emulator-5556}, deviceApiLevel=28, deviceManufacturer=Google, deviceModel=AOSP on IA Emulator, deviceName=emulator-5554, deviceScreenDensity=560, deviceScreenSize=1440x3040, deviceUDID=emulator-5554, javascriptEnabled=true, locationContextEnabled=false, networkConnectionEnabled=true, pixelRatio=3.5, platform=LINUX, platformName=Android, platformVersion=9, statBarHeight=172, takesScreenshot=true, viewportRect={left=0, top=172, width=1440, height=2529}, warnings={}, webStorageEnabled=false}] -> id: com.gaiaventure.mc:id/btn_next] in By.id: com.gaiaventure.mc:id/btn_next TIMEOUT EXCEPTION element does not exist after waiting 10 seconds - Accept _____Web element = 'Accept' is not identified____ ********************************************************** TIMEOUT EXCEPTION element does not exist after waiting 10 seconds - Chrome _____Web element = 'Chrome' is not identified____ ********************************************************** TIMEOUT EXCEPTION element does not exist after waiting 20 seconds - Captcha _____Web element = 'Captcha' is not identified____ ********************************************************** ***Web element = 'By.id: com.gaiaventure.mc:id/editTextNumber' is identified successfully*** ***Entered 123456 in By.id: com.gaiaventure.mc:id/editTextNumber*** ***Web element = 'Next' is identified and clicked***  Clicked [[io.appium.java_client.android.AndroidDriver, Capabilities: {AUTOMATION_NAME=uiautomator2, VERSION=11.0, app=C:\Project Files\MasterFolder\Jiva_PageObjectFW\com.jiva\app\mc-app-qa-release-1.0.2.35.apk, appActivity=com.gaiaventure.mc.ui.activity.SplashActivity, appPackage=com.gaiaventure.mc, databaseEnabled=false, desired={platformName=android, AUTOMATION_NAME=uiautomator2, VERSION=11.0, app=C:\Project Files\MasterFolder\Jiva_PageObjectFW\com.jiva\app\mc-app-qa-release-1.0.2.35.apk, appActivity=com.gaiaventure.mc.ui.activity.SplashActivity, appPackage=com.gaiaventure.mc, deviceName=emulator-5556}, deviceApiLevel=28, deviceManufacturer=Google, deviceModel=AOSP on IA Emulator, deviceName=emulator-5554, deviceScreenDensity=560, deviceScreenSize=1440x3040, deviceUDID=emulator-5554, javascriptEnabled=true, locationContextEnabled=false, networkConnectionEnabled=true, pixelRatio=3.5, platform=LINUX, platformName=Android, platformVersion=9, statBarHeight=172, takesScreenshot=true, viewportRect={left=0, top=172, width=1440, height=2529}, warnings={}, webStorageEnabled=false}] -> id: com.gaiaventure.mc:id/btn_next] in By.id: com.gaiaventure.mc:id/btn_next  </system-out>
  <testcase classname="loanmcapp.McLoanKycSubmit" name="mcloanCreate" time="86.817"/>
  <system-out>
MC Loan Create is started  Clicked [[io.appium.java_client.android.AndroidDriver, Capabilities: {AUTOMATION_NAME=uiautomator2, VERSION=11.0, app=C:\Project Files\MasterFolder\Jiva_PageObjectFW\com.jiva\app\mc-app-qa-release-1.0.2.35.apk, appActivity=com.gaiaventure.mc.ui.activity.SplashActivity, appPackage=com.gaiaventure.mc, databaseEnabled=false, desired={platformName=android, AUTOMATION_NAME=uiautomator2, VERSION=11.0, app=C:\Project Files\MasterFolder\Jiva_PageObjectFW\com.jiva\app\mc-app-qa-release-1.0.2.35.apk, appActivity=com.gaiaventure.mc.ui.activity.SplashActivity, appPackage=com.gaiaventure.mc, deviceName=emulator-5556}, deviceApiLevel=28, deviceManufacturer=Google, deviceModel=AOSP on IA Emulator, deviceName=emulator-5554, deviceScreenDensity=560, deviceScreenSize=1440x3040, deviceUDID=emulator-5554, javascriptEnabled=true, locationContextEnabled=false, networkConnectionEnabled=true, pixelRatio=3.5, platform=LINUX, platformName=Android, platformVersion=9, statBarHeight=172, takesScreenshot=true, viewportRect={left=0, top=172, width=1440, height=2529}, warnings={}, webStorageEnabled=false}] -> id: com.gaiaventure.mc:id/navigation_tasks] in By.id: com.gaiaventure.mc:id/navigation_tasks  Clicked [[io.appium.java_client.android.AndroidDriver, Capabilities: {AUTOMATION_NAME=uiautomator2, VERSION=11.0, app=C:\Project Files\MasterFolder\Jiva_PageObjectFW\com.jiva\app\mc-app-qa-release-1.0.2.35.apk, appActivity=com.gaiaventure.mc.ui.activity.SplashActivity, appPackage=com.gaiaventure.mc, databaseEnabled=false, desired={platformName=android, AUTOMATION_NAME=uiautomator2, VERSION=11.0, app=C:\Project Files\MasterFolder\Jiva_PageObjectFW\com.jiva\app\mc-app-qa-release-1.0.2.35.apk, appActivity=com.gaiaventure.mc.ui.activity.SplashActivity, appPackage=com.gaiaventure.mc, deviceName=emulator-5556}, deviceApiLevel=28, deviceManufacturer=Google, deviceModel=AOSP on IA Emulator, deviceName=emulator-5554, deviceScreenDensity=560, deviceScreenSize=1440x3040, deviceUDID=emulator-5554, javascriptEnabled=true, locationContextEnabled=false, networkConnectionEnabled=true, pixelRatio=3.5, platform=LINUX, platformName=Android, platformVersion=9, statBarHeight=172, takesScreenshot=true, viewportRect={left=0, top=172, width=1440, height=2529}, warnings={}, webStorageEnabled=false}] -> class name: android.widget.ImageView] in By.className: android.widget.ImageView ***Web element = 'Loan application' is identified and clicked***  Clicked [[io.appium.java_client.android.AndroidDriver, Capabilities: {AUTOMATION_NAME=uiautomator2, VERSION=11.0, app=C:\Project Files\MasterFolder\Jiva_PageObjectFW\com.jiva\app\mc-app-qa-release-1.0.2.35.apk, appActivity=com.gaiaventure.mc.ui.activity.SplashActivity, appPackage=com.gaiaventure.mc, databaseEnabled=false, desired={platformName=android, AUTOMATION_NAME=uiautomator2, VERSION=11.0, app=C:\Project Files\MasterFolder\Jiva_PageObjectFW\com.jiva\app\mc-app-qa-release-1.0.2.35.apk, appActivity=com.gaiaventure.mc.ui.activity.SplashActivity, appPackage=com.gaiaventure.mc, deviceName=emulator-5556}, deviceApiLevel=28, deviceManufacturer=Google, deviceModel=AOSP on IA Emulator, deviceName=emulator-5554, deviceScreenDensity=560, deviceScreenSize=1440x3040, deviceUDID=emulator-5554, javascriptEnabled=true, locationContextEnabled=false, networkConnectionEnabled=true, pixelRatio=3.5, platform=LINUX, platformName=Android, platformVersion=9, statBarHeight=172, takesScreenshot=true, viewportRect={left=0, top=172, width=1440, height=2529}, warnings={}, webStorageEnabled=false}] -> -android uiautomator: text("Loan application")] in By.AndroidUIAutomator: text("Loan application") ***Web element = 'Upload the KTP photo of the farmer JivaAuto Test06' is identified and clicked***  Clicked [[io.appium.java_client.android.AndroidDriver, Capabilities: {AUTOMATION_NAME=uiautomator2, VERSION=11.0, app=C:\Project Files\MasterFolder\Jiva_PageObjectFW\com.jiva\app\mc-app-qa-release-1.0.2.35.apk, appActivity=com.gaiaventure.mc.ui.activity.SplashActivity, appPackage=com.gaiaventure.mc, databaseEnabled=false, desired={platformName=android, AUTOMATION_NAME=uiautomator2, VERSION=11.0, app=C:\Project Files\MasterFolder\Jiva_PageObjectFW\com.jiva\app\mc-app-qa-release-1.0.2.35.apk, appActivity=com.gaiaventure.mc.ui.activity.SplashActivity, appPackage=com.gaiaventure.mc, deviceName=emulator-5556}, deviceApiLevel=28, deviceManufacturer=Google, deviceModel=AOSP on IA Emulator, deviceName=emulator-5554, deviceScreenDensity=560, deviceScreenSize=1440x3040, deviceUDID=emulator-5554, javascriptEnabled=true, locationContextEnabled=false, networkConnectionEnabled=true, pixelRatio=3.5, platform=LINUX, platformName=Android, platformVersion=9, statBarHeight=172, takesScreenshot=true, viewportRect={left=0, top=172, width=1440, height=2529}, warnings={}, webStorageEnabled=false}] -> -android uiautomator: new UiScrollable(new UiSelector().resourceId("com.gaiaventure.mc:id/container")).scrollIntoView(new UiSelector().textContains("Upload the KTP photo of the farmer JivaAuto Test06").instance(0))] in By.AndroidUIAutomator: new UiScrollable(new UiSelector().resourceId("com.gaiaventure.mc:id/container")).scrollIntoView(new UiSelector().textContains("Upload the KTP photo of the farmer JivaAuto Test06").instance(0)) ***Web element = 'Upload KTP card' is identified and clicked***  Clicked [[io.appium.java_client.android.AndroidDriver, Capabilities: {AUTOMATION_NAME=uiautomator2, VERSION=11.0, app=C:\Project Files\MasterFolder\Jiva_PageObjectFW\com.jiva\app\mc-app-qa-release-1.0.2.35.apk, appActivity=com.gaiaventure.mc.ui.activity.SplashActivity, appPackage=com.gaiaventure.mc, databaseEnabled=false, desired={platformName=android, AUTOMATION_NAME=uiautomator2, VERSION=11.0, app=C:\Project Files\MasterFolder\Jiva_PageObjectFW\com.jiva\app\mc-app-qa-release-1.0.2.35.apk, appActivity=com.gaiaventure.mc.ui.activity.SplashActivity, appPackage=com.gaiaventure.mc, deviceName=emulator-5556}, deviceApiLevel=28, deviceManufacturer=Google, deviceModel=AOSP on IA Emulator, deviceName=emulator-5554, deviceScreenDensity=560, deviceScreenSize=1440x3040, deviceUDID=emulator-5554, javascriptEnabled=true, locationContextEnabled=false, networkConnectionEnabled=true, pixelRatio=3.5, platform=LINUX, platformName=Android, platformVersion=9, statBarHeight=172, takesScreenshot=true, viewportRect={left=0, top=172, width=1440, height=2529}, warnings={}, webStorageEnabled=false}] -> xpath: //android.widget.Button[@text='Upload KTP card']] in By.xpath: //android.widget.Button[@text='Upload KTP card']  Clicked [[io.appium.java_client.android.AndroidDriver, Capabilities: {AUTOMATION_NAME=uiautomator2, VERSION=11.0, app=C:\Project Files\MasterFolder\Jiva_PageObjectFW\com.jiva\app\mc-app-qa-release-1.0.2.35.apk, appActivity=com.gaiaventure.mc.ui.activity.SplashActivity, appPackage=com.gaiaventure.mc, databaseEnabled=false, desired={platformName=android, AUTOMATION_NAME=uiautomator2, VERSION=11.0, app=C:\Project Files\MasterFolder\Jiva_PageObjectFW\com.jiva\app\mc-app-qa-release-1.0.2.35.apk, appActivity=com.gaiaventure.mc.ui.activity.SplashActivity, appPackage=com.gaiaventure.mc, deviceName=emulator-5556}, deviceApiLevel=28, deviceManufacturer=Google, deviceModel=AOSP on IA Emulator, deviceName=emulator-5554, deviceScreenDensity=560, deviceScreenSize=1440x3040, deviceUDID=emulator-5554, javascriptEnabled=true, locationContextEnabled=false, networkConnectionEnabled=true, pixelRatio=3.5, platform=LINUX, platformName=Android, platformVersion=9, statBarHeight=172, takesScreenshot=true, viewportRect={left=0, top=172, width=1440, height=2529}, warnings={}, webStorageEnabled=false}] -> id: com.gaiaventure.mc:id/rlTakeToGallery] in By.id: com.gaiaventure.mc:id/rlTakeToGallery ***Web element = 'ALLOW' is identified and clicked***  Clicked [[io.appium.java_client.android.AndroidDriver, Capabilities: {AUTOMATION_NAME=uiautomator2, VERSION=11.0, app=C:\Project Files\MasterFolder\Jiva_PageObjectFW\com.jiva\app\mc-app-qa-release-1.0.2.35.apk, appActivity=com.gaiaventure.mc.ui.activity.SplashActivity, appPackage=com.gaiaventure.mc, databaseEnabled=false, desired={platformName=android, AUTOMATION_NAME=uiautomator2, VERSION=11.0, app=C:\Project Files\MasterFolder\Jiva_PageObjectFW\com.jiva\app\mc-app-qa-release-1.0.2.35.apk, appActivity=com.gaiaventure.mc.ui.activity.SplashActivity, appPackage=com.gaiaventure.mc, deviceName=emulator-5556}, deviceApiLevel=28, deviceManufacturer=Google, deviceModel=AOSP on IA Emulator, deviceName=emulator-5554, deviceScreenDensity=560, deviceScreenSize=1440x3040, deviceUDID=emulator-5554, javascriptEnabled=true, locationContextEnabled=false, networkConnectionEnabled=true, pixelRatio=3.5, platform=LINUX, platformName=Android, platformVersion=9, statBarHeight=172, takesScreenshot=true, viewportRect={left=0, top=172, width=1440, height=2529}, warnings={}, webStorageEnabled=false}] -> id: com.android.packageinstaller:id/permission_allow_button] in By.id: com.android.packageinstaller:id/permission_allow_button ***Web element = 'ALLOW' is identified and clicked***  Clicked [[io.appium.java_client.android.AndroidDriver, Capabilities: {AUTOMATION_NAME=uiautomator2, VERSION=11.0, app=C:\Project Files\MasterFolder\Jiva_PageObjectFW\com.jiva\app\mc-app-qa-release-1.0.2.35.apk, appActivity=com.gaiaventure.mc.ui.activity.SplashActivity, appPackage=com.gaiaventure.mc, databaseEnabled=false, desired={platformName=android, AUTOMATION_NAME=uiautomator2, VERSION=11.0, app=C:\Project Files\MasterFolder\Jiva_PageObjectFW\com.jiva\app\mc-app-qa-release-1.0.2.35.apk, appActivity=com.gaiaventure.mc.ui.activity.SplashActivity, appPackage=com.gaiaventure.mc, deviceName=emulator-5556}, deviceApiLevel=28, deviceManufacturer=Google, deviceModel=AOSP on IA Emulator, deviceName=emulator-5554, deviceScreenDensity=560, deviceScreenSize=1440x3040, deviceUDID=emulator-5554, javascriptEnabled=true, locationContextEnabled=false, networkConnectionEnabled=true, pixelRatio=3.5, platform=LINUX, platformName=Android, platformVersion=9, statBarHeight=172, takesScreenshot=true, viewportRect={left=0, top=172, width=1440, height=2529}, warnings={}, webStorageEnabled=false}] -> id: com.android.packageinstaller:id/permission_allow_button] in By.id: com.android.packageinstaller:id/permission_allow_button  Clicked [[io.appium.java_client.android.AndroidDriver, Capabilities: {AUTOMATION_NAME=uiautomator2, VERSION=11.0, app=C:\Project Files\MasterFolder\Jiva_PageObjectFW\com.jiva\app\mc-app-qa-release-1.0.2.35.apk, appActivity=com.gaiaventure.mc.ui.activity.SplashActivity, appPackage=com.gaiaventure.mc, databaseEnabled=false, desired={platformName=android, AUTOMATION_NAME=uiautomator2, VERSION=11.0, app=C:\Project Files\MasterFolder\Jiva_PageObjectFW\com.jiva\app\mc-app-qa-release-1.0.2.35.apk, appActivity=com.gaiaventure.mc.ui.activity.SplashActivity, appPackage=com.gaiaventure.mc, deviceName=emulator-5556}, deviceApiLevel=28, deviceManufacturer=Google, deviceModel=AOSP on IA Emulator, deviceName=emulator-5554, deviceScreenDensity=560, deviceScreenSize=1440x3040, deviceUDID=emulator-5554, javascriptEnabled=true, locationContextEnabled=false, networkConnectionEnabled=true, pixelRatio=3.5, platform=LINUX, platformName=Android, platformVersion=9, statBarHeight=172, takesScreenshot=true, viewportRect={left=0, top=172, width=1440, height=2529}, warnings={}, webStorageEnabled=false}] -> id: com.google.android.apps.photos:id/image] in By.id: com.google.android.apps.photos:id/image  Clicked [[io.appium.java_client.android.AndroidDriver, Capabilities: {AUTOMATION_NAME=uiautomator2, VERSION=11.0, app=C:\Project Files\MasterFolder\Jiva_PageObjectFW\com.jiva\app\mc-app-qa-release-1.0.2.35.apk, appActivity=com.gaiaventure.mc.ui.activity.SplashActivity, appPackage=com.gaiaventure.mc, databaseEnabled=false, desired={platformName=android, AUTOMATION_NAME=uiautomator2, VERSION=11.0, app=C:\Project Files\MasterFolder\Jiva_PageObjectFW\com.jiva\app\mc-app-qa-release-1.0.2.35.apk, appActivity=com.gaiaventure.mc.ui.activity.SplashActivity, appPackage=com.gaiaventure.mc, deviceName=emulator-5556}, deviceApiLevel=28, deviceManufacturer=Google, deviceModel=AOSP on IA Emulator, deviceName=emulator-5554, deviceScreenDensity=560, deviceScreenSize=1440x3040, deviceUDID=emulator-5554, javascriptEnabled=true, locationContextEnabled=false, networkConnectionEnabled=true, pixelRatio=3.5, platform=LINUX, platformName=Android, platformVersion=9, statBarHeight=172, takesScreenshot=true, viewportRect={left=0, top=172, width=1440, height=2529}, warnings={}, webStorageEnabled=false}] -> id: com.gaiaventure.mc:id/menu_crop] in By.id: com.gaiaventure.mc:id/menu_crop ***Web element = 'Save and continue' is identified and clicked***  Clicked [[io.appium.java_client.android.AndroidDriver, Capabilities: {AUTOMATION_NAME=uiautomator2, VERSION=11.0, app=C:\Project Files\MasterFolder\Jiva_PageObjectFW\com.jiva\app\mc-app-qa-release-1.0.2.35.apk, appActivity=com.gaiaventure.mc.ui.activity.SplashActivity, appPackage=com.gaiaventure.mc, databaseEnabled=false, desired={platformName=android, AUTOMATION_NAME=uiautomator2, VERSION=11.0, app=C:\Project Files\MasterFolder\Jiva_PageObjectFW\com.jiva\app\mc-app-qa-release-1.0.2.35.apk, appActivity=com.gaiaventure.mc.ui.activity.SplashActivity, appPackage=com.gaiaventure.mc, deviceName=emulator-5556}, deviceApiLevel=28, deviceManufacturer=Google, deviceModel=AOSP on IA Emulator, deviceName=emulator-5554, deviceScreenDensity=560, deviceScreenSize=1440x3040, deviceUDID=emulator-5554, javascriptEnabled=true, locationContextEnabled=false, networkConnectionEnabled=true, pixelRatio=3.5, platform=LINUX, platformName=Android, platformVersion=9, statBarHeight=172, takesScreenshot=true, viewportRect={left=0, top=172, width=1440, height=2529}, warnings={}, webStorageEnabled=false}] -> id: com.gaiaventure.mc:id/btn_next_comp] in By.id: com.gaiaventure.mc:id/btn_next_comp ***Web element = 'Upload kartu keluarga' is identified and clicked***  Clicked [[io.appium.java_client.android.AndroidDriver, Capabilities: {AUTOMATION_NAME=uiautomator2, VERSION=11.0, app=C:\Project Files\MasterFolder\Jiva_PageObjectFW\com.jiva\app\mc-app-qa-release-1.0.2.35.apk, appActivity=com.gaiaventure.mc.ui.activity.SplashActivity, appPackage=com.gaiaventure.mc, databaseEnabled=false, desired={platformName=android, AUTOMATION_NAME=uiautomator2, VERSION=11.0, app=C:\Project Files\MasterFolder\Jiva_PageObjectFW\com.jiva\app\mc-app-qa-release-1.0.2.35.apk, appActivity=com.gaiaventure.mc.ui.activity.SplashActivity, appPackage=com.gaiaventure.mc, deviceName=emulator-5556}, deviceApiLevel=28, deviceManufacturer=Google, deviceModel=AOSP on IA Emulator, deviceName=emulator-5554, deviceScreenDensity=560, deviceScreenSize=1440x3040, deviceUDID=emulator-5554, javascriptEnabled=true, locationContextEnabled=false, networkConnectionEnabled=true, pixelRatio=3.5, platform=LINUX, platformName=Android, platformVersion=9, statBarHeight=172, takesScreenshot=true, viewportRect={left=0, top=172, width=1440, height=2529}, warnings={}, webStorageEnabled=false}] -> id: com.gaiaventure.mc:id/btnUpladeKTPImg] in By.id: com.gaiaventure.mc:id/btnUpladeKTPImg  Clicked [[io.appium.java_client.android.AndroidDriver, Capabilities: {AUTOMATION_NAME=uiautomator2, VERSION=11.0, app=C:\Project Files\MasterFolder\Jiva_PageObjectFW\com.jiva\app\mc-app-qa-release-1.0.2.35.apk, appActivity=com.gaiaventure.mc.ui.activity.SplashActivity, appPackage=com.gaiaventure.mc, databaseEnabled=false, desired={platformName=android, AUTOMATION_NAME=uiautomator2, VERSION=11.0, app=C:\Project Files\MasterFolder\Jiva_PageObjectFW\com.jiva\app\mc-app-qa-release-1.0.2.35.apk, appActivity=com.gaiaventure.mc.ui.activity.SplashActivity, appPackage=com.gaiaventure.mc, deviceName=emulator-5556}, deviceApiLevel=28, deviceManufacturer=Google, deviceModel=AOSP on IA Emulator, deviceName=emulator-5554, deviceScreenDensity=560, deviceScreenSize=1440x3040, deviceUDID=emulator-5554, javascriptEnabled=true, locationContextEnabled=false, networkConnectionEnabled=true, pixelRatio=3.5, platform=LINUX, platformName=Android, platformVersion=9, statBarHeight=172, takesScreenshot=true, viewportRect={left=0, top=172, width=1440, height=2529}, warnings={}, webStorageEnabled=false}] -> id: com.gaiaventure.mc:id/rlTakeToGallery] in By.id: com.gaiaventure.mc:id/rlTakeToGallery  Clicked [[io.appium.java_client.android.AndroidDriver, Capabilities: {AUTOMATION_NAME=uiautomator2, VERSION=11.0, app=C:\Project Files\MasterFolder\Jiva_PageObjectFW\com.jiva\app\mc-app-qa-release-1.0.2.35.apk, appActivity=com.gaiaventure.mc.ui.activity.SplashActivity, appPackage=com.gaiaventure.mc, databaseEnabled=false, desired={platformName=android, AUTOMATION_NAME=uiautomator2, VERSION=11.0, app=C:\Project Files\MasterFolder\Jiva_PageObjectFW\com.jiva\app\mc-app-qa-release-1.0.2.35.apk, appActivity=com.gaiaventure.mc.ui.activity.SplashActivity, appPackage=com.gaiaventure.mc, deviceName=emulator-5556}, deviceApiLevel=28, deviceManufacturer=Google, deviceModel=AOSP on IA Emulator, deviceName=emulator-5554, deviceScreenDensity=560, deviceScreenSize=1440x3040, deviceUDID=emulator-5554, javascriptEnabled=true, locationContextEnabled=false, networkConnectionEnabled=true, pixelRatio=3.5, platform=LINUX, platformName=Android, platformVersion=9, statBarHeight=172, takesScreenshot=true, viewportRect={left=0, top=172, width=1440, height=2529}, warnings={}, webStorageEnabled=false}] -> id: com.google.android.apps.photos:id/image] in By.id: com.google.android.apps.photos:id/image  Clicked [[io.appium.java_client.android.AndroidDriver, Capabilities: {AUTOMATION_NAME=uiautomator2, VERSION=11.0, app=C:\Project Files\MasterFolder\Jiva_PageObjectFW\com.jiva\app\mc-app-qa-release-1.0.2.35.apk, appActivity=com.gaiaventure.mc.ui.activity.SplashActivity, appPackage=com.gaiaventure.mc, databaseEnabled=false, desired={platformName=android, AUTOMATION_NAME=uiautomator2, VERSION=11.0, app=C:\Project Files\MasterFolder\Jiva_PageObjectFW\com.jiva\app\mc-app-qa-release-1.0.2.35.apk, appActivity=com.gaiaventure.mc.ui.activity.SplashActivity, appPackage=com.gaiaventure.mc, deviceName=emulator-5556}, deviceApiLevel=28, deviceManufacturer=Google, deviceModel=AOSP on IA Emulator, deviceName=emulator-5554, deviceScreenDensity=560, deviceScreenSize=1440x3040, deviceUDID=emulator-5554, javascriptEnabled=true, locationContextEnabled=false, networkConnectionEnabled=true, pixelRatio=3.5, platform=LINUX, platformName=Android, platformVersion=9, statBarHeight=172, takesScreenshot=true, viewportRect={left=0, top=172, width=1440, height=2529}, warnings={}, webStorageEnabled=false}] -> class name: android.view.ViewGroup] in By.className: android.view.ViewGroup  Clicked [[io.appium.java_client.android.AndroidDriver, Capabilities: {AUTOMATION_NAME=uiautomator2, VERSION=11.0, app=C:\Project Files\MasterFolder\Jiva_PageObjectFW\com.jiva\app\mc-app-qa-release-1.0.2.35.apk, appActivity=com.gaiaventure.mc.ui.activity.SplashActivity, appPackage=com.gaiaventure.mc, databaseEnabled=false, desired={platformName=android, AUTOMATION_NAME=uiautomator2, VERSION=11.0, app=C:\Project Files\MasterFolder\Jiva_PageObjectFW\com.jiva\app\mc-app-qa-release-1.0.2.35.apk, appActivity=com.gaiaventure.mc.ui.activity.SplashActivity, appPackage=com.gaiaventure.mc, deviceName=emulator-5556}, deviceApiLevel=28, deviceManufacturer=Google, deviceModel=AOSP on IA Emulator, deviceName=emulator-5554, deviceScreenDensity=560, deviceScreenSize=1440x3040, deviceUDID=emulator-5554, javascriptEnabled=true, locationContextEnabled=false, networkConnectionEnabled=true, pixelRatio=3.5, platform=LINUX, platformName=Android, platformVersion=9, statBarHeight=172, takesScreenshot=true, viewportRect={left=0, top=172, width=1440, height=2529}, warnings={}, webStorageEnabled=false}] -> id: com.gaiaventure.mc:id/menu_crop] in By.id: com.gaiaventure.mc:id/menu_crop ***Web element = 'Done' is identified and clicked***  Clicked [[io.appium.java_client.android.AndroidDriver, Capabilities: {AUTOMATION_NAME=uiautomator2, VERSION=11.0, app=C:\Project Files\MasterFolder\Jiva_PageObjectFW\com.jiva\app\mc-app-qa-release-1.0.2.35.apk, appActivity=com.gaiaventure.mc.ui.activity.SplashActivity, appPackage=com.gaiaventure.mc, databaseEnabled=false, desired={platformName=android, AUTOMATION_NAME=uiautomator2, VERSION=11.0, app=C:\Project Files\MasterFolder\Jiva_PageObjectFW\com.jiva\app\mc-app-qa-release-1.0.2.35.apk, appActivity=com.gaiaventure.mc.ui.activity.SplashActivity, appPackage=com.gaiaventure.mc, deviceName=emulator-5556}, deviceApiLevel=28, deviceManufacturer=Google, deviceModel=AOSP on IA Emulator, deviceName=emulator-5554, deviceScreenDensity=560, deviceScreenSize=1440x3040, deviceUDID=emulator-5554, javascriptEnabled=true, locationContextEnabled=false, networkConnectionEnabled=true, pixelRatio=3.5, platform=LINUX, platformName=Android, platformVersion=9, statBarHeight=172, takesScreenshot=true, viewportRect={left=0, top=172, width=1440, height=2529}, warnings={}, webStorageEnabled=false}] -> id: com.gaiaventure.mc:id/btn_next_comp] in By.id: com.gaiaventure.mc:id/btn_next_comp ***Web element = 'Pending approval JivaAuto Test06' is identified successfully*** ***Web element = 'You and the farmer will both be notified if the loan has been approved or rejected.' is identified successfully*** ***Web element = 'Done' is identified and clicked***  Clicked [[io.appium.java_client.android.AndroidDriver, Capabilities: {AUTOMATION_NAME=uiautomator2, VERSION=11.0, app=C:\Project Files\MasterFolder\Jiva_PageObjectFW\com.jiva\app\mc-app-qa-release-1.0.2.35.apk, appActivity=com.gaiaventure.mc.ui.activity.SplashActivity, appPackage=com.gaiaventure.mc, databaseEnabled=false, desired={platformName=android, AUTOMATION_NAME=uiautomator2, VERSION=11.0, app=C:\Project Files\MasterFolder\Jiva_PageObjectFW\com.jiva\app\mc-app-qa-release-1.0.2.35.apk, appActivity=com.gaiaventure.mc.ui.activity.SplashActivity, appPackage=com.gaiaventure.mc, deviceName=emulator-5556}, deviceApiLevel=28, deviceManufacturer=Google, deviceModel=AOSP on IA Emulator, deviceName=emulator-5554, deviceScreenDensity=560, deviceScreenSize=1440x3040, deviceUDID=emulator-5554, javascriptEnabled=true, locationContextEnabled=false, networkConnectionEnabled=true, pixelRatio=3.5, platform=LINUX, platformName=Android, platformVersion=9, statBarHeight=172, takesScreenshot=true, viewportRect={left=0, top=172, width=1440, height=2529}, warnings={}, webStorageEnabled=false}] -> id: com.gaiaventure.mc:id/btnUpladeKTPImg] in By.id: com.gaiaventure.mc:id/btnUpladeKTPImg  Clicked [[io.appium.java_client.android.AndroidDriver, Capabilities: {AUTOMATION_NAME=uiautomator2, VERSION=11.0, app=C:\Project Files\MasterFolder\Jiva_PageObjectFW\com.jiva\app\mc-app-qa-release-1.0.2.35.apk, appActivity=com.gaiaventure.mc.ui.activity.SplashActivity, appPackage=com.gaiaventure.mc, databaseEnabled=false, desired={platformName=android, AUTOMATION_NAME=uiautomator2, VERSION=11.0, app=C:\Project Files\MasterFolder\Jiva_PageObjectFW\com.jiva\app\mc-app-qa-release-1.0.2.35.apk, appActivity=com.gaiaventure.mc.ui.activity.SplashActivity, appPackage=com.gaiaventure.mc, deviceName=emulator-5556}, deviceApiLevel=28, deviceManufacturer=Google, deviceModel=AOSP on IA Emulator, deviceName=emulator-5554, deviceScreenDensity=560, deviceScreenSize=1440x3040, deviceUDID=emulator-5554, javascriptEnabled=true, locationContextEnabled=false, networkConnectionEnabled=true, pixelRatio=3.5, platform=LINUX, platformName=Android, platformVersion=9, statBarHeight=172, takesScreenshot=true, viewportRect={left=0, top=172, width=1440, height=2529}, warnings={}, webStorageEnabled=false}] -> id: com.gaiaventure.mc:id/navigation_account] in By.id: com.gaiaventure.mc:id/navigation_account ***Web element = 'Log out' is identified and clicked***  Clicked [[io.appium.java_client.android.AndroidDriver, Capabilities: {AUTOMATION_NAME=uiautomator2, VERSION=11.0, app=C:\Project Files\MasterFolder\Jiva_PageObjectFW\com.jiva\app\mc-app-qa-release-1.0.2.35.apk, appActivity=com.gaiaventure.mc.ui.activity.SplashActivity, appPackage=com.gaiaventure.mc, databaseEnabled=false, desired={platformName=android, AUTOMATION_NAME=uiautomator2, VERSION=11.0, app=C:\Project Files\MasterFolder\Jiva_PageObjectFW\com.jiva\app\mc-app-qa-release-1.0.2.35.apk, appActivity=com.gaiaventure.mc.ui.activity.SplashActivity, appPackage=com.gaiaventure.mc, deviceName=emulator-5556}, deviceApiLevel=28, deviceManufacturer=Google, deviceModel=AOSP on IA Emulator, deviceName=emulator-5554, deviceScreenDensity=560, deviceScreenSize=1440x3040, deviceUDID=emulator-5554, javascriptEnabled=true, locationContextEnabled=false, networkConnectionEnabled=true, pixelRatio=3.5, platform=LINUX, platformName=Android, platformVersion=9, statBarHeight=172, takesScreenshot=true, viewportRect={left=0, top=172, width=1440, height=2529}, warnings={}, webStorageEnabled=false}] -> id: com.gaiaventure.mc:id/txtLogout] in By.id: com.gaiaventure.mc:id/txtLogout MC loan upload KYC completed  </system-out>
</testsuite> <!-- loanmcapp.McLoanKycSubmit -->
