<?xml version="1.0" encoding="UTF-8"?>
<!-- Generated by org.testng.reporters.JUnitReportReporter -->
<testsuite hostname="lin76001736" failures="0" tests="2" name="webapplications.MagentoShipment" time="82.033" errors="0" timestamp="2021-03-11T12:47:26 IST" skipped="0">
  <testcase classname="webapplications.MagentoShipment" name="mgentoLogin" time="15.663"/>
  <system-out>
Magento Login  ***Web element = 'By.id: username' is identified successfully*** ***Entered mounika.lunavath@jiva.ag in By.id: username*** ***Web element = 'By.id: login' is identified successfully*** ***Entered wPzCUEZvgDU9PXBiXDAHhvjp in By.id: login*** ***Web element = 'Sign in' is identified and clicked***  Clicked [[ChromeDriver: chrome on WINDOWS (e5e9d33996816ec7882d6f15275d1596)] -> xpath: //*[@id="login-form"]/fieldset/div[3]/div[1]/button/span] in By.xpath: //*[@id="login-form"]/fieldset/div[3]/div[1]/button/span TIMEOUT EXCEPTION element does not exist after waiting 10 seconds - Incoming Message _____Web element = 'Incoming Message' is not identified____ **********************************************************  </system-out>
  <testcase classname="webapplications.MagentoShipment" name="magentoShipment" time="66.370"/>
  <system-out>
Magento COD Shipment is Started ***Web element = 'SALES' is identified and clicked***  Clicked [[ChromeDriver: chrome on WINDOWS (e5e9d33996816ec7882d6f15275d1596)] -> xpath: //a[@onclick='return false;']] in By.xpath: //a[@onclick='return false;'] ***Web element = 'Orders' is identified and clicked***  Clicked [[ChromeDriver: chrome on WINDOWS (e5e9d33996816ec7882d6f15275d1596)] -> xpath: //*[@id="menu-magento-sales-sales"]/div/ul/li/ul/li/div/ul/li[1]/a] in By.xpath: //*[@id="menu-magento-sales-sales"]/div/ul/li/ul/li/div/ul/li[1]/a ***Web element = 'Clear All' is identified successfully*** ***Web element = 'Clear all' is identified and clicked***  Clicked [[ChromeDriver: chrome on WINDOWS (e5e9d33996816ec7882d6f15275d1596)] -> xpath: //button[@class='action-tertiary action-clear']] in By.xpath: //button[@class='action-tertiary action-clear'] ***Web element = 'By.xpath: //*[@id="fulltext"]' is identified successfully*** ***Entered testing 0203 . in By.xpath: //*[@id="fulltext"]*** ***Web element = 'Filters' is identified and clicked***  Clicked [[ChromeDriver: chrome on WINDOWS (e5e9d33996816ec7882d6f15275d1596)] -> xpath: //button[@class='action-default']] in By.xpath: //button[@class='action-default'] ***Web element = 'Apply Filters' is identified and clicked***  Clicked [[ChromeDriver: chrome on WINDOWS (e5e9d33996816ec7882d6f15275d1596)] -> xpath: //span[text()='Apply Filters']] in By.xpath: //span[text()='Apply Filters'] ***Web element = 'View' is identified and clicked***  Clicked [[ChromeDriver: chrome on WINDOWS (e5e9d33996816ec7882d6f15275d1596)] -> xpath: //a[text()='View']] in By.xpath: //a[text()='View'] ***Web element = 'Ship' is identified and clicked***  Clicked [[ChromeDriver: chrome on WINDOWS (e5e9d33996816ec7882d6f15275d1596)] -> id: order_ship] in By.id: order_ship ***Web element = 'Submit Shipment' is identified and clicked***  Clicked [[ChromeDriver: chrome on WINDOWS (e5e9d33996816ec7882d6f15275d1596)] -> xpath: //button[@title='Submit Shipment']] in By.xpath: //button[@title='Submit Shipment'] ***Web element = 'mounika.lunavath@jiva.ag' is identified and clicked***  Clicked [[ChromeDriver: chrome on WINDOWS (e5e9d33996816ec7882d6f15275d1596)] -> xpath: //span[@class='admin-user-account-text']] in By.xpath: //span[@class='admin-user-account-text'] ***Web element = 'Sign Out' is identified and clicked***  Clicked [[ChromeDriver: chrome on WINDOWS (e5e9d33996816ec7882d6f15275d1596)] -> xpath: //a[@class='account-signout']] in By.xpath: //a[@class='account-signout'] Magento Shipment is Completed  </system-out>
</testsuite> <!-- webapplications.MagentoShipment -->
