<?xml version="1.0" encoding="UTF-8"?>
<!-- Generated by org.testng.reporters.JUnitReportReporter -->
<testsuite hostname="lin76001736" failures="0" tests="2" name="webapplications.JivaWebPortal" time="67.094" errors="0" timestamp="2021-03-11T09:54:04 IST" skipped="0">
  <testcase classname="webapplications.JivaWebPortal" name="mgentoLogin" time="1.002"/>
  <system-out>
Jiva WebPortal Login  ***Web element = 'By.xpath: //*[@id="loader"]/app-root/div[2]/login-root/div/div/div[1]/div/div[2]/form/div[1]/div/input' is identified successfully*** ***Entered mounika.lunavath@jiva.ag in By.xpath: //*[@id="loader"]/app-root/div[2]/login-root/div/div/div[1]/div/div[2]/form/div[1]/div/input*** ***Web element = 'By.xpath: //*[@id="loader"]/app-root/div[2]/login-root/div/div/div[1]/div/div[2]/form/div[2]/div/input' is identified successfully*** ***Entered wPzCUEZvgDU9PXBiXDAHhvjp in By.xpath: //*[@id="loader"]/app-root/div[2]/login-root/div/div/div[1]/div/div[2]/form/div[2]/div/input*** ***Web element = 'Login' is identified and clicked***  Clicked [[ChromeDriver: chrome on WINDOWS (acf1af2b884c7fc3c34a97b78ba92ebf)] -> xpath: //*[@id="loader"]/app-root/div[2]/login-root/div/div/div[1]/div/div[2]/form/div[3]/button] in By.xpath: //*[@id="loader"]/app-root/div[2]/login-root/div/div/div[1]/div/div[2]/form/div[3]/button  </system-out>
  <testcase classname="webapplications.JivaWebPortal" name="magentoShipment" time="66.092"/>
  <system-out>
JL creation is Started ***Web element = 'Jiva Lead Registration' is identified and clicked***  Clicked [[ChromeDriver: chrome on WINDOWS (acf1af2b884c7fc3c34a97b78ba92ebf)] -> xpath: //span[text()='Jiva Lead Registration']] in By.xpath: //span[text()='Jiva Lead Registration'] ***Web element = 'By.xpath: //input[@name='firstName']' is identified successfully*** ***Entered JATest in By.xpath: //input[@name='firstName']*** ***Web element = 'By.xpath: //input[@name='lastName']' is identified successfully*** ***Entered Test04 in By.xpath: //input[@name='lastName']*** ***Web element = 'By.xpath: //input[@name='phoneNumber']' is identified successfully*** ***Entered 8695888104 in By.xpath: //input[@name='phoneNumber']*** ***Web element = 'Select
Indonesia' is identified and clicked***  Clicked [[ChromeDriver: chrome on WINDOWS (acf1af2b884c7fc3c34a97b78ba92ebf)] -> xpath: //select[@name='geo.name']] in By.xpath: //select[@name='geo.name'] ***Web element = 'Indonesia' is identified and clicked***  Clicked [[ChromeDriver: chrome on WINDOWS (acf1af2b884c7fc3c34a97b78ba92ebf)] -> xpath: //option[text()='Indonesia']] in By.xpath: //option[text()='Indonesia'] ***Web element = 'Select
Indonesia' is identified and clicked***  Clicked [[ChromeDriver: chrome on WINDOWS (acf1af2b884c7fc3c34a97b78ba92ebf)] -> xpath: //select[@name='geo.name']] in By.xpath: //select[@name='geo.name'] ***Web element = 'Lampung' is identified and clicked***  Clicked [[ChromeDriver: chrome on WINDOWS (acf1af2b884c7fc3c34a97b78ba92ebf)] -> xpath: //option[text()='Lampung']] in By.xpath: //option[text()='Lampung'] ***Web element = 'Select
Indonesia' is identified and clicked***  Clicked [[ChromeDriver: chrome on WINDOWS (acf1af2b884c7fc3c34a97b78ba92ebf)] -> xpath: //select[@name='geo.name']] in By.xpath: //select[@name='geo.name'] ***Web element = 'Pesawaran' is identified and clicked***  Clicked [[ChromeDriver: chrome on WINDOWS (acf1af2b884c7fc3c34a97b78ba92ebf)] -> xpath: //option[text()='Pesawaran']] in By.xpath: //option[text()='Pesawaran'] ***Web element = 'Select
Indonesia' is identified and clicked***  Clicked [[ChromeDriver: chrome on WINDOWS (acf1af2b884c7fc3c34a97b78ba92ebf)] -> xpath: //select[@name='geo.name']] in By.xpath: //select[@name='geo.name'] ***Web element = 'Kedondong' is identified and clicked***  Clicked [[ChromeDriver: chrome on WINDOWS (acf1af2b884c7fc3c34a97b78ba92ebf)] -> xpath: //option[text()='Kedondong']] in By.xpath: //option[text()='Kedondong'] ***Web element = 'Select
Indonesia' is identified and clicked***  Clicked [[ChromeDriver: chrome on WINDOWS (acf1af2b884c7fc3c34a97b78ba92ebf)] -> xpath: //select[@name='geo.name']] in By.xpath: //select[@name='geo.name'] ***Web element = 'Kerta Sana' is identified and clicked***  Clicked [[ChromeDriver: chrome on WINDOWS (acf1af2b884c7fc3c34a97b78ba92ebf)] -> xpath: //option[text()='Kerta Sana']] in By.xpath: //option[text()='Kerta Sana'] ***Web element = '+91
+62' is identified and clicked***  Clicked [[ChromeDriver: chrome on WINDOWS (acf1af2b884c7fc3c34a97b78ba92ebf)] -> xpath: //select[@class='form-control ng-untouched ng-pristine ng-valid']] in By.xpath: //select[@class='form-control ng-untouched ng-pristine ng-valid'] ***Web element = '+91
+62' is identified and clicked***  Clicked [[ChromeDriver: chrome on WINDOWS (acf1af2b884c7fc3c34a97b78ba92ebf)] -> xpath: //select[@class='form-control ng-untouched ng-pristine ng-valid']] in By.xpath: //select[@class='form-control ng-untouched ng-pristine ng-valid'] ***Web element = 'HDFC BANK' is identified and clicked***  Clicked [[ChromeDriver: chrome on WINDOWS (acf1af2b884c7fc3c34a97b78ba92ebf)] -> xpath: //option[text()='HDFC BANK']] in By.xpath: //option[text()='HDFC BANK'] ***Web element = 'By.xpath: //input[@class='form-control ng-untouched ng-pristine ng-valid']' is identified successfully*** ***Entered 510613263004 in By.xpath: //input[@class='form-control ng-untouched ng-pristine ng-valid']*** ***Web element = 'Create' is identified and clicked***  Clicked [[ChromeDriver: chrome on WINDOWS (acf1af2b884c7fc3c34a97b78ba92ebf)] -> xpath: //button[@class='btn btn-success text-center']] in By.xpath: //button[@class='btn btn-success text-center'] ***Web element = 'Confirm' is identified and clicked***  Clicked [[ChromeDriver: chrome on WINDOWS (acf1af2b884c7fc3c34a97b78ba92ebf)] -> xpath: //button[@class='btn btn-success']] in By.xpath: //button[@class='btn btn-success'] ***Web element = 'OK' is identified and clicked***  Clicked [[ChromeDriver: chrome on WINDOWS (acf1af2b884c7fc3c34a97b78ba92ebf)] -> xpath: //button[@class='btn btn-info']] in By.xpath: //button[@class='btn btn-info']  Clicked [[ChromeDriver: chrome on WINDOWS (acf1af2b884c7fc3c34a97b78ba92ebf)] -> xpath: //span[@class='caret']] in By.xpath: //span[@class='caret'] ***Web element = 'Sign Out' is identified and clicked***  Clicked [[ChromeDriver: chrome on WINDOWS (acf1af2b884c7fc3c34a97b78ba92ebf)] -> class name: dd-link] in By.className: dd-link JL creation is is Completed  </system-out>
</testsuite> <!-- webapplications.JivaWebPortal -->
