<?xml version="1.0" encoding="UTF-8"?>
<!-- Generated by org.testng.reporters.JUnitReportReporter -->
<testsuite hostname="lin76001736" failures="0" tests="2" name="webapplications.MagentoLoanProcess" time="37.787" errors="0" timestamp="2021-03-08T12:37:54 IST" skipped="0">
  <testcase classname="webapplications.MagentoLoanProcess" name="mgentoLogin" time="15.354"/>
  <system-out>
Magento Login  ***Web element = 'By.id: username' is identified successfully*** ***Entered mounika.lunavath@jiva.ag in By.id: username*** ***Web element = 'By.id: login' is identified successfully*** ***Entered wPzCUEZvgDU9PXBiXDAHhvjp in By.id: login*** ***Web element = 'Sign in' is identified and clicked***  Clicked [[ChromeDriver: chrome on WINDOWS (7ad666536eb4c962c3d170dfeb5c0448)] -> xpath: //*[@id="login-form"]/fieldset/div[3]/div[1]/button/span] in By.xpath: //*[@id="login-form"]/fieldset/div[3]/div[1]/button/span TIMEOUT EXCEPTION element does not exist after waiting 10 seconds - Incoming Message _____Web element = 'Incoming Message' is not identified____ **********************************************************  </system-out>
  <testcase classname="webapplications.MagentoLoanProcess" name="magentoLoanprocess" time="22.433"/>
  <system-out>
Magento Loan Submit is Started ***Web element = 'FARMERS' is identified and clicked***  Clicked [[ChromeDriver: chrome on WINDOWS (7ad666536eb4c962c3d170dfeb5c0448)] -> xpath: //span[text()='Farmers']] in By.xpath: //span[text()='Farmers'] ***Web element = 'All Farmers' is identified and clicked***  Clicked [[ChromeDriver: chrome on WINDOWS (7ad666536eb4c962c3d170dfeb5c0448)] -> xpath: //span[text()='All Farmers']] in By.xpath: //span[text()='All Farmers'] ***Web element = 'By.xpath: //*[@id="fulltext"]' is identified successfully*** ***Entered jivaautotest05@gmail.com in By.xpath: //*[@id="fulltext"]*** ***Web element = 'Edit' is identified and clicked***  Clicked [[ChromeDriver: chrome on WINDOWS (7ad666536eb4c962c3d170dfeb5c0448)] -> xpath: //a[text()='Edit']] in By.xpath: //a[text()='Edit'] ***Web element = 'Loan Amount & Refunds' is identified and clicked***  Clicked [[ChromeDriver: chrome on WINDOWS (7ad666536eb4c962c3d170dfeb5c0448)] -> xpath: //span[text()='Loan Amount & Refunds']] in By.xpath: //span[text()='Loan Amount & Refunds']  </system-out>
</testsuite> <!-- webapplications.MagentoLoanProcess -->
