<?xml version="1.0" encoding="UTF-8"?>
<!-- Generated by org.testng.reporters.JUnitReportReporter -->
<testsuite hostname="lin76001736" failures="0" tests="2" name="mctasks.McFarmerConnect" time="60.874" errors="0" timestamp="2021-03-12T19:02:17 IST" skipped="0">
  <testcase classname="mctasks.McFarmerConnect" name="mcLogin" time="34.014"/>
  <system-out>
Logging in ***Web element = 'Next' is identified and clicked***  Clicked [[io.appium.java_client.android.AndroidDriver, Capabilities: {AUTOMATION_NAME=uiautomator2, VERSION=11.0, app=C:\Project Files\MasterFolder\Jiva_PageObjectFW\com.jiva\app\mc-app-qa-release-1.0.2.20 (2).apk, appActivity=com.gaiaventure.mc.ui.activity.SplashActivity, appPackage=com.gaiaventure.mc, databaseEnabled=false, desired={platformName=android, AUTOMATION_NAME=uiautomator2, VERSION=11.0, app=C:\Project Files\MasterFolder\Jiva_PageObjectFW\com.jiva\app\mc-app-qa-release-1.0.2.20 (2).apk, appActivity=com.gaiaventure.mc.ui.activity.SplashActivity, appPackage=com.gaiaventure.mc, deviceName=emulator-5556}, deviceApiLevel=28, deviceManufacturer=Google, deviceModel=AOSP on IA Emulator, deviceName=emulator-5554, deviceScreenDensity=560, deviceScreenSize=1440x3040, deviceUDID=emulator-5554, javascriptEnabled=true, locationContextEnabled=false, networkConnectionEnabled=true, pixelRatio=3.5, platform=LINUX, platformName=Android, platformVersion=9, statBarHeight=172, takesScreenshot=true, viewportRect={left=0, top=172, width=1440, height=2529}, warnings={}, webStorageEnabled=false}] -> id: com.gaiaventure.mc:id/tvNextButton] in By.id: com.gaiaventure.mc:id/tvNextButton ***Web element = 'I consent' is identified and clicked***  Clicked [[io.appium.java_client.android.AndroidDriver, Capabilities: {AUTOMATION_NAME=uiautomator2, VERSION=11.0, app=C:\Project Files\MasterFolder\Jiva_PageObjectFW\com.jiva\app\mc-app-qa-release-1.0.2.20 (2).apk, appActivity=com.gaiaventure.mc.ui.activity.SplashActivity, appPackage=com.gaiaventure.mc, databaseEnabled=false, desired={platformName=android, AUTOMATION_NAME=uiautomator2, VERSION=11.0, app=C:\Project Files\MasterFolder\Jiva_PageObjectFW\com.jiva\app\mc-app-qa-release-1.0.2.20 (2).apk, appActivity=com.gaiaventure.mc.ui.activity.SplashActivity, appPackage=com.gaiaventure.mc, deviceName=emulator-5556}, deviceApiLevel=28, deviceManufacturer=Google, deviceModel=AOSP on IA Emulator, deviceName=emulator-5554, deviceScreenDensity=560, deviceScreenSize=1440x3040, deviceUDID=emulator-5554, javascriptEnabled=true, locationContextEnabled=false, networkConnectionEnabled=true, pixelRatio=3.5, platform=LINUX, platformName=Android, platformVersion=9, statBarHeight=172, takesScreenshot=true, viewportRect={left=0, top=172, width=1440, height=2529}, warnings={}, webStorageEnabled=false}] -> id: com.gaiaventure.mc:id/btn_consent] in By.id: com.gaiaventure.mc:id/btn_consent ***Web element = 'By.id: com.gaiaventure.mc:id/editMobileNumber' is identified successfully*** ***Entered +628114123245 in By.id: com.gaiaventure.mc:id/editMobileNumber*** ***Web element = 'NEXT' is identified and clicked***  Clicked [[io.appium.java_client.android.AndroidDriver, Capabilities: {AUTOMATION_NAME=uiautomator2, VERSION=11.0, app=C:\Project Files\MasterFolder\Jiva_PageObjectFW\com.jiva\app\mc-app-qa-release-1.0.2.20 (2).apk, appActivity=com.gaiaventure.mc.ui.activity.SplashActivity, appPackage=com.gaiaventure.mc, databaseEnabled=false, desired={platformName=android, AUTOMATION_NAME=uiautomator2, VERSION=11.0, app=C:\Project Files\MasterFolder\Jiva_PageObjectFW\com.jiva\app\mc-app-qa-release-1.0.2.20 (2).apk, appActivity=com.gaiaventure.mc.ui.activity.SplashActivity, appPackage=com.gaiaventure.mc, deviceName=emulator-5556}, deviceApiLevel=28, deviceManufacturer=Google, deviceModel=AOSP on IA Emulator, deviceName=emulator-5554, deviceScreenDensity=560, deviceScreenSize=1440x3040, deviceUDID=emulator-5554, javascriptEnabled=true, locationContextEnabled=false, networkConnectionEnabled=true, pixelRatio=3.5, platform=LINUX, platformName=Android, platformVersion=9, statBarHeight=172, takesScreenshot=true, viewportRect={left=0, top=172, width=1440, height=2529}, warnings={}, webStorageEnabled=false}] -> id: com.gaiaventure.mc:id/btn_next] in By.id: com.gaiaventure.mc:id/btn_next TIMEOUT EXCEPTION element does not exist after waiting 10 seconds - Accept _____Web element = 'Accept' is not identified____ ********************************************************** TIMEOUT EXCEPTION element does not exist after waiting 10 seconds - Chrome _____Web element = 'Chrome' is not identified____ ********************************************************** ***Web element = 'Captcha' is identified successfully***  Clicked [[io.appium.java_client.android.AndroidDriver, Capabilities: {AUTOMATION_NAME=uiautomator2, VERSION=11.0, app=C:\Project Files\MasterFolder\Jiva_PageObjectFW\com.jiva\app\mc-app-qa-release-1.0.2.20 (2).apk, appActivity=com.gaiaventure.mc.ui.activity.SplashActivity, appPackage=com.gaiaventure.mc, databaseEnabled=false, desired={platformName=android, AUTOMATION_NAME=uiautomator2, VERSION=11.0, app=C:\Project Files\MasterFolder\Jiva_PageObjectFW\com.jiva\app\mc-app-qa-release-1.0.2.20 (2).apk, appActivity=com.gaiaventure.mc.ui.activity.SplashActivity, appPackage=com.gaiaventure.mc, deviceName=emulator-5556}, deviceApiLevel=28, deviceManufacturer=Google, deviceModel=AOSP on IA Emulator, deviceName=emulator-5554, deviceScreenDensity=560, deviceScreenSize=1440x3040, deviceUDID=emulator-5554, javascriptEnabled=true, locationContextEnabled=false, networkConnectionEnabled=true, pixelRatio=3.5, platform=LINUX, platformName=Android, platformVersion=9, statBarHeight=172, takesScreenshot=true, viewportRect={left=0, top=172, width=1440, height=2529}, warnings={}, webStorageEnabled=false}] -> id: com.android.chrome:id/close_button] in By.id: com.android.chrome:id/close_button ***Web element = 'By.id: com.gaiaventure.mc:id/editTextNumber' is identified successfully*** ***Entered 123456 in By.id: com.gaiaventure.mc:id/editTextNumber*** ***Web element = 'Next' is identified and clicked***  Clicked [[io.appium.java_client.android.AndroidDriver, Capabilities: {AUTOMATION_NAME=uiautomator2, VERSION=11.0, app=C:\Project Files\MasterFolder\Jiva_PageObjectFW\com.jiva\app\mc-app-qa-release-1.0.2.20 (2).apk, appActivity=com.gaiaventure.mc.ui.activity.SplashActivity, appPackage=com.gaiaventure.mc, databaseEnabled=false, desired={platformName=android, AUTOMATION_NAME=uiautomator2, VERSION=11.0, app=C:\Project Files\MasterFolder\Jiva_PageObjectFW\com.jiva\app\mc-app-qa-release-1.0.2.20 (2).apk, appActivity=com.gaiaventure.mc.ui.activity.SplashActivity, appPackage=com.gaiaventure.mc, deviceName=emulator-5556}, deviceApiLevel=28, deviceManufacturer=Google, deviceModel=AOSP on IA Emulator, deviceName=emulator-5554, deviceScreenDensity=560, deviceScreenSize=1440x3040, deviceUDID=emulator-5554, javascriptEnabled=true, locationContextEnabled=false, networkConnectionEnabled=true, pixelRatio=3.5, platform=LINUX, platformName=Android, platformVersion=9, statBarHeight=172, takesScreenshot=true, viewportRect={left=0, top=172, width=1440, height=2529}, warnings={}, webStorageEnabled=false}] -> id: com.gaiaventure.mc:id/btn_next] in By.id: com.gaiaventure.mc:id/btn_next  </system-out>
  <testcase classname="mctasks.McFarmerConnect" name="MCcodcreate" time="26.860"/>
  <system-out>
MC with Farmer Connection task is started  Clicked [[io.appium.java_client.android.AndroidDriver, Capabilities: {AUTOMATION_NAME=uiautomator2, VERSION=11.0, app=C:\Project Files\MasterFolder\Jiva_PageObjectFW\com.jiva\app\mc-app-qa-release-1.0.2.20 (2).apk, appActivity=com.gaiaventure.mc.ui.activity.SplashActivity, appPackage=com.gaiaventure.mc, databaseEnabled=false, desired={platformName=android, AUTOMATION_NAME=uiautomator2, VERSION=11.0, app=C:\Project Files\MasterFolder\Jiva_PageObjectFW\com.jiva\app\mc-app-qa-release-1.0.2.20 (2).apk, appActivity=com.gaiaventure.mc.ui.activity.SplashActivity, appPackage=com.gaiaventure.mc, deviceName=emulator-5556}, deviceApiLevel=28, deviceManufacturer=Google, deviceModel=AOSP on IA Emulator, deviceName=emulator-5554, deviceScreenDensity=560, deviceScreenSize=1440x3040, deviceUDID=emulator-5554, javascriptEnabled=true, locationContextEnabled=false, networkConnectionEnabled=true, pixelRatio=3.5, platform=LINUX, platformName=Android, platformVersion=9, statBarHeight=172, takesScreenshot=true, viewportRect={left=0, top=172, width=1440, height=2529}, warnings={}, webStorageEnabled=false}] -> id: com.gaiaventure.mc:id/navigation_farmer] in By.id: com.gaiaventure.mc:id/navigation_farmer  Clicked [[io.appium.java_client.android.AndroidDriver, Capabilities: {AUTOMATION_NAME=uiautomator2, VERSION=11.0, app=C:\Project Files\MasterFolder\Jiva_PageObjectFW\com.jiva\app\mc-app-qa-release-1.0.2.20 (2).apk, appActivity=com.gaiaventure.mc.ui.activity.SplashActivity, appPackage=com.gaiaventure.mc, databaseEnabled=false, desired={platformName=android, AUTOMATION_NAME=uiautomator2, VERSION=11.0, app=C:\Project Files\MasterFolder\Jiva_PageObjectFW\com.jiva\app\mc-app-qa-release-1.0.2.20 (2).apk, appActivity=com.gaiaventure.mc.ui.activity.SplashActivity, appPackage=com.gaiaventure.mc, deviceName=emulator-5556}, deviceApiLevel=28, deviceManufacturer=Google, deviceModel=AOSP on IA Emulator, deviceName=emulator-5554, deviceScreenDensity=560, deviceScreenSize=1440x3040, deviceUDID=emulator-5554, javascriptEnabled=true, locationContextEnabled=false, networkConnectionEnabled=true, pixelRatio=3.5, platform=LINUX, platformName=Android, platformVersion=9, statBarHeight=172, takesScreenshot=true, viewportRect={left=0, top=172, width=1440, height=2529}, warnings={}, webStorageEnabled=false}] -> class name: android.widget.ImageView] in By.className: android.widget.ImageView ***Web element = 'Requests' is identified and clicked***  Clicked [[io.appium.java_client.android.AndroidDriver, Capabilities: {AUTOMATION_NAME=uiautomator2, VERSION=11.0, app=C:\Project Files\MasterFolder\Jiva_PageObjectFW\com.jiva\app\mc-app-qa-release-1.0.2.20 (2).apk, appActivity=com.gaiaventure.mc.ui.activity.SplashActivity, appPackage=com.gaiaventure.mc, databaseEnabled=false, desired={platformName=android, AUTOMATION_NAME=uiautomator2, VERSION=11.0, app=C:\Project Files\MasterFolder\Jiva_PageObjectFW\com.jiva\app\mc-app-qa-release-1.0.2.20 (2).apk, appActivity=com.gaiaventure.mc.ui.activity.SplashActivity, appPackage=com.gaiaventure.mc, deviceName=emulator-5556}, deviceApiLevel=28, deviceManufacturer=Google, deviceModel=AOSP on IA Emulator, deviceName=emulator-5554, deviceScreenDensity=560, deviceScreenSize=1440x3040, deviceUDID=emulator-5554, javascriptEnabled=true, locationContextEnabled=false, networkConnectionEnabled=true, pixelRatio=3.5, platform=LINUX, platformName=Android, platformVersion=9, statBarHeight=172, takesScreenshot=true, viewportRect={left=0, top=172, width=1440, height=2529}, warnings={}, webStorageEnabled=false}] -> -android uiautomator: text("Requests")] in By.AndroidUIAutomator: text("Requests") ***Web element = 'JivaAuto Test13 is requesting for you to be his MC, are you available?' is identified successfully*** ***Web element = 'Yes' is identified and clicked***  Clicked [[io.appium.java_client.android.AndroidDriver, Capabilities: {AUTOMATION_NAME=uiautomator2, VERSION=11.0, app=C:\Project Files\MasterFolder\Jiva_PageObjectFW\com.jiva\app\mc-app-qa-release-1.0.2.20 (2).apk, appActivity=com.gaiaventure.mc.ui.activity.SplashActivity, appPackage=com.gaiaventure.mc, databaseEnabled=false, desired={platformName=android, AUTOMATION_NAME=uiautomator2, VERSION=11.0, app=C:\Project Files\MasterFolder\Jiva_PageObjectFW\com.jiva\app\mc-app-qa-release-1.0.2.20 (2).apk, appActivity=com.gaiaventure.mc.ui.activity.SplashActivity, appPackage=com.gaiaventure.mc, deviceName=emulator-5556}, deviceApiLevel=28, deviceManufacturer=Google, deviceModel=AOSP on IA Emulator, deviceName=emulator-5554, deviceScreenDensity=560, deviceScreenSize=1440x3040, deviceUDID=emulator-5554, javascriptEnabled=true, locationContextEnabled=false, networkConnectionEnabled=true, pixelRatio=3.5, platform=LINUX, platformName=Android, platformVersion=9, statBarHeight=172, takesScreenshot=true, viewportRect={left=0, top=172, width=1440, height=2529}, warnings={}, webStorageEnabled=false}] -> id: com.gaiaventure.mc:id/tvYes] in By.id: com.gaiaventure.mc:id/tvYes  Clicked [[io.appium.java_client.android.AndroidDriver, Capabilities: {AUTOMATION_NAME=uiautomator2, VERSION=11.0, app=C:\Project Files\MasterFolder\Jiva_PageObjectFW\com.jiva\app\mc-app-qa-release-1.0.2.20 (2).apk, appActivity=com.gaiaventure.mc.ui.activity.SplashActivity, appPackage=com.gaiaventure.mc, databaseEnabled=false, desired={platformName=android, AUTOMATION_NAME=uiautomator2, VERSION=11.0, app=C:\Project Files\MasterFolder\Jiva_PageObjectFW\com.jiva\app\mc-app-qa-release-1.0.2.20 (2).apk, appActivity=com.gaiaventure.mc.ui.activity.SplashActivity, appPackage=com.gaiaventure.mc, deviceName=emulator-5556}, deviceApiLevel=28, deviceManufacturer=Google, deviceModel=AOSP on IA Emulator, deviceName=emulator-5554, deviceScreenDensity=560, deviceScreenSize=1440x3040, deviceUDID=emulator-5554, javascriptEnabled=true, locationContextEnabled=false, networkConnectionEnabled=true, pixelRatio=3.5, platform=LINUX, platformName=Android, platformVersion=9, statBarHeight=172, takesScreenshot=true, viewportRect={left=0, top=172, width=1440, height=2529}, warnings={}, webStorageEnabled=false}] -> id: com.gaiaventure.mc:id/navigation_account] in By.id: com.gaiaventure.mc:id/navigation_account ***Web element = 'Log out' is identified and clicked***  Clicked [[io.appium.java_client.android.AndroidDriver, Capabilities: {AUTOMATION_NAME=uiautomator2, VERSION=11.0, app=C:\Project Files\MasterFolder\Jiva_PageObjectFW\com.jiva\app\mc-app-qa-release-1.0.2.20 (2).apk, appActivity=com.gaiaventure.mc.ui.activity.SplashActivity, appPackage=com.gaiaventure.mc, databaseEnabled=false, desired={platformName=android, AUTOMATION_NAME=uiautomator2, VERSION=11.0, app=C:\Project Files\MasterFolder\Jiva_PageObjectFW\com.jiva\app\mc-app-qa-release-1.0.2.20 (2).apk, appActivity=com.gaiaventure.mc.ui.activity.SplashActivity, appPackage=com.gaiaventure.mc, deviceName=emulator-5556}, deviceApiLevel=28, deviceManufacturer=Google, deviceModel=AOSP on IA Emulator, deviceName=emulator-5554, deviceScreenDensity=560, deviceScreenSize=1440x3040, deviceUDID=emulator-5554, javascriptEnabled=true, locationContextEnabled=false, networkConnectionEnabled=true, pixelRatio=3.5, platform=LINUX, platformName=Android, platformVersion=9, statBarHeight=172, takesScreenshot=true, viewportRect={left=0, top=172, width=1440, height=2529}, warnings={}, webStorageEnabled=false}] -> id: com.gaiaventure.mc:id/txtLogout] in By.id: com.gaiaventure.mc:id/txtLogout MC with Farmer Connection task is completed  </system-out>
</testsuite> <!-- mctasks.McFarmerConnect -->
