<?xml version="1.0" encoding="UTF-8"?>
<!-- Generated by org.testng.reporters.JUnitReportReporter -->
<testsuite hostname="lin76001736" failures="0" tests="2" name="farmerApp.FarmerNewRegistration" time="163.669" errors="0" timestamp="2021-03-10T17:16:59 IST" skipped="0">
  <testcase classname="farmerApp.FarmerNewRegistration" name="FarmerLogin" time="80.281"/>
  <system-out>
Logging in ***Web element = 'Continue with Google' is identified and clicked***  Clicked [[io.appium.java_client.android.AndroidDriver, Capabilities: {AUTOMATION_NAME=uiautomator2, VERSION=11.0, app=C:\Project Files\MasterFolder\Jiva_PageObjectFW\com.jiva\app\Jiva_(qa)_base.apk, appPackage=com.gaiaventure.advisor.qa, databaseEnabled=false, desired={platformName=android, AUTOMATION_NAME=uiautomator2, VERSION=11.0, app=C:\Project Files\MasterFolder\Jiva_PageObjectFW\com.jiva\app\Jiva_(qa)_base.apk, deviceName=emulator-5554}, deviceApiLevel=28, deviceManufacturer=Google, deviceModel=AOSP on IA Emulator, deviceName=emulator-5554, deviceScreenDensity=560, deviceScreenSize=1440x3040, deviceUDID=emulator-5554, javascriptEnabled=true, locationContextEnabled=false, networkConnectionEnabled=true, pixelRatio=3.5, platform=LINUX, platformName=Android, platformVersion=9, statBarHeight=172, takesScreenshot=true, viewportRect={left=0, top=172, width=1440, height=2529}, warnings={}, webStorageEnabled=false}] -> id: com.gaiaventure.advisor.qa:id/btn_google] in By.id: com.gaiaventure.advisor.qa:id/btn_google ***Web element = 'I consent' is identified and clicked***  Clicked [[io.appium.java_client.android.AndroidDriver, Capabilities: {AUTOMATION_NAME=uiautomator2, VERSION=11.0, app=C:\Project Files\MasterFolder\Jiva_PageObjectFW\com.jiva\app\Jiva_(qa)_base.apk, appPackage=com.gaiaventure.advisor.qa, databaseEnabled=false, desired={platformName=android, AUTOMATION_NAME=uiautomator2, VERSION=11.0, app=C:\Project Files\MasterFolder\Jiva_PageObjectFW\com.jiva\app\Jiva_(qa)_base.apk, deviceName=emulator-5554}, deviceApiLevel=28, deviceManufacturer=Google, deviceModel=AOSP on IA Emulator, deviceName=emulator-5554, deviceScreenDensity=560, deviceScreenSize=1440x3040, deviceUDID=emulator-5554, javascriptEnabled=true, locationContextEnabled=false, networkConnectionEnabled=true, pixelRatio=3.5, platform=LINUX, platformName=Android, platformVersion=9, statBarHeight=172, takesScreenshot=true, viewportRect={left=0, top=172, width=1440, height=2529}, warnings={}, webStorageEnabled=false}] -> id: com.gaiaventure.advisor.qa:id/btn_consent] in By.id: com.gaiaventure.advisor.qa:id/btn_consent TIMEOUT EXCEPTION element does not exist after waiting 20 seconds - Account _____Web element = 'Account' is not identified____ ********************************************************** ***Web element = 'EMail' is identified successfully*** ***Web element = 'By.className: android.widget.EditText' is identified successfully*** ***Entered jivaautotest07@gmail.com in By.className: android.widget.EditText*** TIMEOUT EXCEPTION element does not exist after waiting 2 seconds - Next _____Web element = 'Next' is not identified____ ********************************************************** Next Button Unavailable TAB sequence is started TAB sequence is ended and Next key is pressed  TIMEOUT EXCEPTION element does not exist after waiting 10 seconds - Skip _____Web element = 'Skip' is not identified____ ********************************************************** Not a New User, Skip button unavailable ***Web element = 'Password' is identified successfully*** ***Web element = 'By.className: android.widget.EditText' is identified successfully*** ***Entered JAuto@007 in By.className: android.widget.EditText*** Enter Key pressed TAB key sequence is started to click 'I Agree' TAB key sequence is ended and 'I Agree'- button is pressed TAB key sequence is started to click 'I Accept' TAB key sequence is ended and 'I Accept'- button is pressed TAB key sequence is ended and 'I Accept'- button is pressed TAB key sequence is ended and 'I Accept'- button is pressed TAB key sequence is ended and 'I Accept'- button is pressed TAB key sequence is ended and 'I Accept'- button is pressed  </system-out>
  <testcase classname="farmerApp.FarmerNewRegistration" name="newfarmerReg" time="83.388"/>
  <system-out>
New Farmer Registration is started ***Web element = 'By.id: com.gaiaventure.advisor.qa:id/et_location' is identified successfully*** ***Entered Lumpangan, Pajukukang, Bantaeng, Sulawesi selatan, Indonesia in By.id: com.gaiaventure.advisor.qa:id/et_location*** ***Web element = 'Next' is identified and clicked***  Clicked [[io.appium.java_client.android.AndroidDriver, Capabilities: {AUTOMATION_NAME=uiautomator2, VERSION=11.0, app=C:\Project Files\MasterFolder\Jiva_PageObjectFW\com.jiva\app\Jiva_(qa)_base.apk, appPackage=com.gaiaventure.advisor.qa, databaseEnabled=false, desired={platformName=android, AUTOMATION_NAME=uiautomator2, VERSION=11.0, app=C:\Project Files\MasterFolder\Jiva_PageObjectFW\com.jiva\app\Jiva_(qa)_base.apk, deviceName=emulator-5554}, deviceApiLevel=28, deviceManufacturer=Google, deviceModel=AOSP on IA Emulator, deviceName=emulator-5554, deviceScreenDensity=560, deviceScreenSize=1440x3040, deviceUDID=emulator-5554, javascriptEnabled=true, locationContextEnabled=false, networkConnectionEnabled=true, pixelRatio=3.5, platform=LINUX, platformName=Android, platformVersion=9, statBarHeight=172, takesScreenshot=true, viewportRect={left=0, top=172, width=1440, height=2529}, warnings={}, webStorageEnabled=false}] -> id: com.gaiaventure.advisor.qa:id/btn_next] in By.id: com.gaiaventure.advisor.qa:id/btn_next  Clicked [[io.appium.java_client.android.AndroidDriver, Capabilities: {AUTOMATION_NAME=uiautomator2, VERSION=11.0, app=C:\Project Files\MasterFolder\Jiva_PageObjectFW\com.jiva\app\Jiva_(qa)_base.apk, appPackage=com.gaiaventure.advisor.qa, databaseEnabled=false, desired={platformName=android, AUTOMATION_NAME=uiautomator2, VERSION=11.0, app=C:\Project Files\MasterFolder\Jiva_PageObjectFW\com.jiva\app\Jiva_(qa)_base.apk, deviceName=emulator-5554}, deviceApiLevel=28, deviceManufacturer=Google, deviceModel=AOSP on IA Emulator, deviceName=emulator-5554, deviceScreenDensity=560, deviceScreenSize=1440x3040, deviceUDID=emulator-5554, javascriptEnabled=true, locationContextEnabled=false, networkConnectionEnabled=true, pixelRatio=3.5, platform=LINUX, platformName=Android, platformVersion=9, statBarHeight=172, takesScreenshot=true, viewportRect={left=0, top=172, width=1440, height=2529}, warnings={}, webStorageEnabled=false}] -> id: com.gaiaventure.advisor.qa:id/fragment_buy] in By.id: com.gaiaventure.advisor.qa:id/fragment_buy ***Web element = 'Find a Sahabat Jiva' is identified and clicked***  Clicked [[io.appium.java_client.android.AndroidDriver, Capabilities: {AUTOMATION_NAME=uiautomator2, VERSION=11.0, app=C:\Project Files\MasterFolder\Jiva_PageObjectFW\com.jiva\app\Jiva_(qa)_base.apk, appPackage=com.gaiaventure.advisor.qa, databaseEnabled=false, desired={platformName=android, AUTOMATION_NAME=uiautomator2, VERSION=11.0, app=C:\Project Files\MasterFolder\Jiva_PageObjectFW\com.jiva\app\Jiva_(qa)_base.apk, deviceName=emulator-5554}, deviceApiLevel=28, deviceManufacturer=Google, deviceModel=AOSP on IA Emulator, deviceName=emulator-5554, deviceScreenDensity=560, deviceScreenSize=1440x3040, deviceUDID=emulator-5554, javascriptEnabled=true, locationContextEnabled=false, networkConnectionEnabled=true, pixelRatio=3.5, platform=LINUX, platformName=Android, platformVersion=9, statBarHeight=172, takesScreenshot=true, viewportRect={left=0, top=172, width=1440, height=2529}, warnings={}, webStorageEnabled=false}] -> id: com.gaiaventure.advisor.qa:id/btn_find_collector] in By.id: com.gaiaventure.advisor.qa:id/btn_find_collector  Clicked [[io.appium.java_client.android.AndroidDriver, Capabilities: {AUTOMATION_NAME=uiautomator2, VERSION=11.0, app=C:\Project Files\MasterFolder\Jiva_PageObjectFW\com.jiva\app\Jiva_(qa)_base.apk, appPackage=com.gaiaventure.advisor.qa, databaseEnabled=false, desired={platformName=android, AUTOMATION_NAME=uiautomator2, VERSION=11.0, app=C:\Project Files\MasterFolder\Jiva_PageObjectFW\com.jiva\app\Jiva_(qa)_base.apk, deviceName=emulator-5554}, deviceApiLevel=28, deviceManufacturer=Google, deviceModel=AOSP on IA Emulator, deviceName=emulator-5554, deviceScreenDensity=560, deviceScreenSize=1440x3040, deviceUDID=emulator-5554, javascriptEnabled=true, locationContextEnabled=false, networkConnectionEnabled=true, pixelRatio=3.5, platform=LINUX, platformName=Android, platformVersion=9, statBarHeight=172, takesScreenshot=true, viewportRect={left=0, top=172, width=1440, height=2529}, warnings={}, webStorageEnabled=false}] -> id: com.gaiaventure.advisor.qa:id/enter_phone_number] in By.id: com.gaiaventure.advisor.qa:id/enter_phone_number ***Web element = 'By.id: com.gaiaventure.advisor.qa:id/et_phone_number_input' is identified successfully*** ***Entered 8114123245 in By.id: com.gaiaventure.advisor.qa:id/et_phone_number_input*** ***Web element = 'Next' is identified and clicked***  Clicked [[io.appium.java_client.android.AndroidDriver, Capabilities: {AUTOMATION_NAME=uiautomator2, VERSION=11.0, app=C:\Project Files\MasterFolder\Jiva_PageObjectFW\com.jiva\app\Jiva_(qa)_base.apk, appPackage=com.gaiaventure.advisor.qa, databaseEnabled=false, desired={platformName=android, AUTOMATION_NAME=uiautomator2, VERSION=11.0, app=C:\Project Files\MasterFolder\Jiva_PageObjectFW\com.jiva\app\Jiva_(qa)_base.apk, deviceName=emulator-5554}, deviceApiLevel=28, deviceManufacturer=Google, deviceModel=AOSP on IA Emulator, deviceName=emulator-5554, deviceScreenDensity=560, deviceScreenSize=1440x3040, deviceUDID=emulator-5554, javascriptEnabled=true, locationContextEnabled=false, networkConnectionEnabled=true, pixelRatio=3.5, platform=LINUX, platformName=Android, platformVersion=9, statBarHeight=172, takesScreenshot=true, viewportRect={left=0, top=172, width=1440, height=2529}, warnings={}, webStorageEnabled=false}] -> id: com.gaiaventure.advisor.qa:id/btn_next] in By.id: com.gaiaventure.advisor.qa:id/btn_next ***Web element = 'OK' is identified and clicked***  Clicked [[io.appium.java_client.android.AndroidDriver, Capabilities: {AUTOMATION_NAME=uiautomator2, VERSION=11.0, app=C:\Project Files\MasterFolder\Jiva_PageObjectFW\com.jiva\app\Jiva_(qa)_base.apk, appPackage=com.gaiaventure.advisor.qa, databaseEnabled=false, desired={platformName=android, AUTOMATION_NAME=uiautomator2, VERSION=11.0, app=C:\Project Files\MasterFolder\Jiva_PageObjectFW\com.jiva\app\Jiva_(qa)_base.apk, deviceName=emulator-5554}, deviceApiLevel=28, deviceManufacturer=Google, deviceModel=AOSP on IA Emulator, deviceName=emulator-5554, deviceScreenDensity=560, deviceScreenSize=1440x3040, deviceUDID=emulator-5554, javascriptEnabled=true, locationContextEnabled=false, networkConnectionEnabled=true, pixelRatio=3.5, platform=LINUX, platformName=Android, platformVersion=9, statBarHeight=172, takesScreenshot=true, viewportRect={left=0, top=172, width=1440, height=2529}, warnings={}, webStorageEnabled=false}] -> id: com.gaiaventure.advisor.qa:id/btn_primary] in By.id: com.gaiaventure.advisor.qa:id/btn_primary ***Web element = 'By.id: com.gaiaventure.advisor.qa:id/et_phone_number_input' is identified successfully*** ***Entered 9114123103 in By.id: com.gaiaventure.advisor.qa:id/et_phone_number_input*** ***Web element = 'Next' is identified and clicked***  Clicked [[io.appium.java_client.android.AndroidDriver, Capabilities: {AUTOMATION_NAME=uiautomator2, VERSION=11.0, app=C:\Project Files\MasterFolder\Jiva_PageObjectFW\com.jiva\app\Jiva_(qa)_base.apk, appPackage=com.gaiaventure.advisor.qa, databaseEnabled=false, desired={platformName=android, AUTOMATION_NAME=uiautomator2, VERSION=11.0, app=C:\Project Files\MasterFolder\Jiva_PageObjectFW\com.jiva\app\Jiva_(qa)_base.apk, deviceName=emulator-5554}, deviceApiLevel=28, deviceManufacturer=Google, deviceModel=AOSP on IA Emulator, deviceName=emulator-5554, deviceScreenDensity=560, deviceScreenSize=1440x3040, deviceUDID=emulator-5554, javascriptEnabled=true, locationContextEnabled=false, networkConnectionEnabled=true, pixelRatio=3.5, platform=LINUX, platformName=Android, platformVersion=9, statBarHeight=172, takesScreenshot=true, viewportRect={left=0, top=172, width=1440, height=2529}, warnings={}, webStorageEnabled=false}] -> id: com.gaiaventure.advisor.qa:id/btn_next] in By.id: com.gaiaventure.advisor.qa:id/btn_next ***Web element = 'Next' is identified and clicked***  Clicked [[io.appium.java_client.android.AndroidDriver, Capabilities: {AUTOMATION_NAME=uiautomator2, VERSION=11.0, app=C:\Project Files\MasterFolder\Jiva_PageObjectFW\com.jiva\app\Jiva_(qa)_base.apk, appPackage=com.gaiaventure.advisor.qa, databaseEnabled=false, desired={platformName=android, AUTOMATION_NAME=uiautomator2, VERSION=11.0, app=C:\Project Files\MasterFolder\Jiva_PageObjectFW\com.jiva\app\Jiva_(qa)_base.apk, deviceName=emulator-5554}, deviceApiLevel=28, deviceManufacturer=Google, deviceModel=AOSP on IA Emulator, deviceName=emulator-5554, deviceScreenDensity=560, deviceScreenSize=1440x3040, deviceUDID=emulator-5554, javascriptEnabled=true, locationContextEnabled=false, networkConnectionEnabled=true, pixelRatio=3.5, platform=LINUX, platformName=Android, platformVersion=9, statBarHeight=172, takesScreenshot=true, viewportRect={left=0, top=172, width=1440, height=2529}, warnings={}, webStorageEnabled=false}] -> id: com.gaiaventure.advisor.qa:id/btn_next] in By.id: com.gaiaventure.advisor.qa:id/btn_next  Clicked [[io.appium.java_client.android.AndroidDriver, Capabilities: {AUTOMATION_NAME=uiautomator2, VERSION=11.0, app=C:\Project Files\MasterFolder\Jiva_PageObjectFW\com.jiva\app\Jiva_(qa)_base.apk, appPackage=com.gaiaventure.advisor.qa, databaseEnabled=false, desired={platformName=android, AUTOMATION_NAME=uiautomator2, VERSION=11.0, app=C:\Project Files\MasterFolder\Jiva_PageObjectFW\com.jiva\app\Jiva_(qa)_base.apk, deviceName=emulator-5554}, deviceApiLevel=28, deviceManufacturer=Google, deviceModel=AOSP on IA Emulator, deviceName=emulator-5554, deviceScreenDensity=560, deviceScreenSize=1440x3040, deviceUDID=emulator-5554, javascriptEnabled=true, locationContextEnabled=false, networkConnectionEnabled=true, pixelRatio=3.5, platform=LINUX, platformName=Android, platformVersion=9, statBarHeight=172, takesScreenshot=true, viewportRect={left=0, top=172, width=1440, height=2529}, warnings={}, webStorageEnabled=false}] -> id: com.gaiaventure.advisor.qa:id/fragment_profile] in By.id: com.gaiaventure.advisor.qa:id/fragment_profile ***Web element = 'Log out' is identified and clicked***  Clicked [[io.appium.java_client.android.AndroidDriver, Capabilities: {AUTOMATION_NAME=uiautomator2, VERSION=11.0, app=C:\Project Files\MasterFolder\Jiva_PageObjectFW\com.jiva\app\Jiva_(qa)_base.apk, appPackage=com.gaiaventure.advisor.qa, databaseEnabled=false, desired={platformName=android, AUTOMATION_NAME=uiautomator2, VERSION=11.0, app=C:\Project Files\MasterFolder\Jiva_PageObjectFW\com.jiva\app\Jiva_(qa)_base.apk, deviceName=emulator-5554}, deviceApiLevel=28, deviceManufacturer=Google, deviceModel=AOSP on IA Emulator, deviceName=emulator-5554, deviceScreenDensity=560, deviceScreenSize=1440x3040, deviceUDID=emulator-5554, javascriptEnabled=true, locationContextEnabled=false, networkConnectionEnabled=true, pixelRatio=3.5, platform=LINUX, platformName=Android, platformVersion=9, statBarHeight=172, takesScreenshot=true, viewportRect={left=0, top=172, width=1440, height=2529}, warnings={}, webStorageEnabled=false}] -> id: com.gaiaventure.advisor.qa:id/link_logout] in By.id: com.gaiaventure.advisor.qa:id/link_logout New Farmer Registration is Completed  </system-out>
</testsuite> <!-- farmerApp.FarmerNewRegistration -->
