<?xml version="1.0" encoding="UTF-8"?>
<!-- Generated by org.testng.reporters.JUnitReportReporter -->
<testsuite hostname="DESKTOP-V746A5I" failures="0" tests="1" name="magentoPortal.Webtable" time="16.554" errors="1" timestamp="2021-02-25T08:28:57 IST" skipped="0">
  <testcase classname="magentoPortal.Webtable" name="tables" time="16.554">
    <error message="The class org.openqa.selenium.chrome.ChromeDriver of the given context doesn&#039;t implement io.appium.java_client.FindsByAndroidUIAutomator nor io.appium.java_client.FindsByFluentSelector. Sorry. It is impossible to find something." type="java.lang.IllegalArgumentException">
      <![CDATA[java.lang.IllegalArgumentException: The class org.openqa.selenium.chrome.ChromeDriver of the given context doesn't implement io.appium.java_client.FindsByAndroidUIAutomator nor io.appium.java_client.FindsByFluentSelector. Sorry. It is impossible to find something.
at io.appium.java_client.MobileBy.formIllegalArgumentException(MobileBy.java:41)
at io.appium.java_client.MobileBy.access$0(MobileBy.java:39)
at io.appium.java_client.MobileBy$ByAndroidUIAutomator.findElement(MobileBy.java:227)
at org.openqa.selenium.remote.RemoteWebDriver.findElement(RemoteWebDriver.java:315)
at utilities.ElementManager.scrollandCheck(ElementManager.java:279)
at magentoPortal.Webtable.tables(Webtable.java:47)
at java.base/jdk.internal.reflect.NativeMethodAccessorImpl.invoke0(Native Method)
at java.base/jdk.internal.reflect.NativeMethodAccessorImpl.invoke(NativeMethodAccessorImpl.java:64)
at java.base/jdk.internal.reflect.DelegatingMethodAccessorImpl.invoke(DelegatingMethodAccessorImpl.java:43)
at java.base/java.lang.reflect.Method.invoke(Method.java:564)
at org.testng.internal.MethodInvocationHelper.invokeMethod(MethodInvocationHelper.java:132)
at org.testng.internal.TestInvoker.invokeMethod(TestInvoker.java:599)
at org.testng.internal.TestInvoker.invokeTestMethod(TestInvoker.java:174)
at org.testng.internal.MethodRunner.runInSequence(MethodRunner.java:46)
at org.testng.internal.TestInvoker$MethodInvocationAgent.invoke(TestInvoker.java:822)
at org.testng.internal.TestInvoker.invokeTestMethods(TestInvoker.java:147)
at org.testng.internal.TestMethodWorker.invokeTestMethods(TestMethodWorker.java:146)
at org.testng.internal.TestMethodWorker.run(TestMethodWorker.java:128)
at java.base/java.util.ArrayList.forEach(ArrayList.java:1511)
at org.testng.TestRunner.privateRun(TestRunner.java:764)
at org.testng.TestRunner.run(TestRunner.java:585)
at org.testng.SuiteRunner.runTest(SuiteRunner.java:384)
at org.testng.SuiteRunner.runSequentially(SuiteRunner.java:378)
at org.testng.SuiteRunner.privateRun(SuiteRunner.java:337)
at org.testng.SuiteRunner.run(SuiteRunner.java:286)
at org.testng.SuiteRunnerWorker.runSuite(SuiteRunnerWorker.java:53)
at org.testng.SuiteRunnerWorker.run(SuiteRunnerWorker.java:96)
at org.testng.TestNG.runSuitesSequentially(TestNG.java:1218)
at org.testng.TestNG.runSuitesLocally(TestNG.java:1140)
at org.testng.TestNG.runSuites(TestNG.java:1069)
at org.testng.TestNG.run(TestNG.java:1037)
at org.testng.remote.AbstractRemoteTestNG.run(AbstractRemoteTestNG.java:115)
at org.testng.remote.RemoteTestNG.initAndRun(RemoteTestNG.java:251)
at org.testng.remote.RemoteTestNG.main(RemoteTestNG.java:77)
]]>
    </error>
  </testcase> <!-- tables -->
  <system-out/>
</testsuite> <!-- magentoPortal.Webtable -->
