<?xml version="1.0" encoding="UTF-8"?>
<!-- Generated by org.testng.reporters.JUnitReportReporter -->
<testsuite hostname="lin76001736" failures="0" tests="2" name="mcApp.McCodDelivery" time="71.873" errors="0" timestamp="2021-03-04T19:43:22 IST" skipped="0">
  <testcase classname="mcApp.McCodDelivery" name="mcLogin" time="44.653"/>
  <system-out>
Logging in Entered +628114123245 in By.id: com.gaiaventure.mc:id/editMobileNumber TIMEOUT EXCEPTION element does not exist after waiting 10 seconds - Accept TIMEOUT EXCEPTION element does not exist after waiting 10 seconds - Chrome TIMEOUT EXCEPTION element does not exist after waiting 15 seconds - Captcha Entered 123456 in By.id: com.gaiaventure.mc:id/editTextNumber  </system-out>
  <testcase classname="mcApp.McCodDelivery" name="mccoditemDelivery" time="27.220"/>
  <system-out>
MC COD Item Delivery is Started MC COD Item Delivery is Completed  </system-out>
</testsuite> <!-- mcApp.McCodDelivery -->
