<?xml version="1.0" encoding="UTF-8"?>
<!-- Generated by org.testng.reporters.JUnitReportReporter -->
<testsuite hostname="lin76001736" failures="0" tests="2" name="mcApp.McCodItemRcv" time="229.790" errors="0" timestamp="2021-03-04T19:43:22 IST" skipped="0">
  <testcase classname="mcApp.McCodItemRcv" name="mcLogin" time="45.730"/>
  <system-out>
Logging in Entered +628114123245 in By.id: com.gaiaventure.mc:id/editMobileNumber TIMEOUT EXCEPTION element does not exist after waiting 10 seconds - Accept TIMEOUT EXCEPTION element does not exist after waiting 10 seconds - Chrome TIMEOUT EXCEPTION element does not exist after waiting 15 seconds - Captcha Entered 123456 in By.id: com.gaiaventure.mc:id/editTextNumber  </system-out>
  <testcase classname="mcApp.McCodItemRcv" name="MCcoditemrcv" time="184.060"/>
  <system-out>
MC Item Receive is started MC COD ItemReceive is Completed  </system-out>
</testsuite> <!-- mcApp.McCodItemRcv -->
